[INFO] (20-Apr-2023 21:04:48): Conectado ao banco de dados
[INFO] (20-Apr-2023 21:04:48): Servidor rodando na porta: 3000
[INFO] (20-Apr-2023 21:05:17): Conectado ao banco de dados
[INFO] (20-Apr-2023 21:05:17): Servidor rodando na porta: 3000
[INFO] (20-Apr-2023 21:05:30): Conectado ao banco de dados
[INFO] (20-Apr-2023 21:05:30): Servidor rodando na porta: 3000
[INFO] (20-Apr-2023 21:06:32): Conectado ao banco de dados
[INFO] (20-Apr-2023 21:06:32): Servidor rodando na porta: 3000
[WARN] (20-Apr-2023 21:06:45): URI contained empty userinfo section
[INFO] (20-Apr-2023 21:06:45): Servidor rodando na porta: 3000
[INFO] (20-Apr-2023 21:08:13): Conectado ao banco de dados
[INFO] (20-Apr-2023 21:08:13): Servidor rodando na porta: 3000
[WARN] (20-Apr-2023 21:09:50): The `uri` parameter to `openUri()` must be a string, got "undefined". Make sure the first parameter to `mongoose.connect()` or `mongoose.createConnection()` is a string.
[INFO] (20-Apr-2023 21:09:50): Servidor rodando na porta: 3000
[INFO] (20-Apr-2023 21:11:38): Conectado ao banco de dados
[INFO] (20-Apr-2023 21:11:38): Servidor rodando na porta: 3000
[INFO] (20-Apr-2023 21:12:43): Conectado ao banco de dados
[INFO] (20-Apr-2023 21:12:43): Servidor rodando na porta: 3000
[INFO] (20-Apr-2023 21:12:45): Conectado ao banco de dados
[INFO] (20-Apr-2023 21:12:45): Servidor rodando na porta: 3000
[INFO] (20-Apr-2023 21:13:05): Conectado ao banco de dados
[INFO] (20-Apr-2023 21:13:05): Servidor rodando na porta: 3000
[INFO] (20-Apr-2023 21:14:00): Conectado ao banco de dados
[INFO] (20-Apr-2023 21:14:00): Servidor rodando na porta: 3000
[INFO] (20-Apr-2023 21:14:58): Conectado ao banco de dados
[INFO] (20-Apr-2023 21:14:58): Servidor rodando na porta: 3000
[INFO] (20-Apr-2023 21:15:03): Conectado ao banco de dados
[INFO] (20-Apr-2023 21:15:03): Servidor rodando na porta: 3000
[INFO] (20-Apr-2023 21:15:20): Conectado ao banco de dados
[INFO] (20-Apr-2023 21:15:20): Servidor rodando na porta: 3000
[INFO] (20-Apr-2023 21:23:49): Conectado ao banco de dados
[INFO] (20-Apr-2023 21:23:49): Servidor rodando na porta: 3000
[INFO] (20-Apr-2023 21:29:53): Conectado ao banco de dados
[INFO] (20-Apr-2023 21:29:53): Servidor rodando na porta: 3000
[INFO] (20-Apr-2023 21:30:23): Conectado ao banco de dados
[INFO] (20-Apr-2023 21:30:23): Servidor rodando na porta: 3000
[INFO] (20-Apr-2023 21:33:23): Conectado ao banco de dados
[INFO] (20-Apr-2023 21:33:23): Servidor rodando na porta: 3000
[INFO] (20-Apr-2023 21:33:40): Conectado ao banco de dados
[INFO] (20-Apr-2023 21:33:40): Servidor rodando na porta: 3000
[INFO] (20-Apr-2023 21:52:21): Conectado ao banco de dados
[INFO] (20-Apr-2023 21:52:21): Servidor rodando na porta: 3000
[INFO] (20-Apr-2023 21:54:24): Conectado ao banco de dados
[INFO] (20-Apr-2023 21:54:24): Servidor rodando na porta: 3000
[INFO] (20-Apr-2023 21:55:20): Conectado ao banco de dados
[INFO] (20-Apr-2023 21:55:20): Servidor rodando na porta: 3000
[INFO] (20-Apr-2023 22:00:06): Conectado ao banco de dados
[INFO] (20-Apr-2023 22:00:06): Servidor rodando na porta: 3000
[INFO] (20-Apr-2023 22:01:30): Conectado ao banco de dados
[INFO] (20-Apr-2023 22:01:30): Servidor rodando na porta: 3000
[INFO] (20-Apr-2023 22:01:58): Conectado ao banco de dados
[INFO] (20-Apr-2023 22:01:58): Servidor rodando na porta: 3000
[INFO] (20-Apr-2023 22:02:40): Conectado ao banco de dados
[INFO] (20-Apr-2023 22:02:40): Servidor rodando na porta: 3000
[INFO] (20-Apr-2023 22:03:53): Conectado ao banco de dados
[INFO] (20-Apr-2023 22:03:53): Servidor rodando na porta: 3000
[INFO] (20-Apr-2023 22:03:57): Conectado ao banco de dados
[INFO] (20-Apr-2023 22:03:57): Servidor rodando na porta: 3000
[INFO] (20-Apr-2023 22:04:39): Conectado ao banco de dados
[INFO] (20-Apr-2023 22:04:39): Servidor rodando na porta: 3000
[ERROR] (20-Apr-2023 22:04:45): Cannot read properties of undefined (reading 'findClients')
[INFO] (20-Apr-2023 22:05:12): Conectado ao banco de dados
[INFO] (20-Apr-2023 22:05:12): Servidor rodando na porta: 3000
[ERROR] (20-Apr-2023 22:05:16): Cannot read properties of undefined (reading 'findClients')
[INFO] (20-Apr-2023 22:05:30): Conectado ao banco de dados
[INFO] (20-Apr-2023 22:05:30): Servidor rodando na porta: 3000
[ERROR] (20-Apr-2023 22:05:35): Cannot read properties of undefined (reading 'findClients')
[INFO] (20-Apr-2023 22:05:49): Conectado ao banco de dados
[INFO] (20-Apr-2023 22:05:49): Servidor rodando na porta: 3000
[ERROR] (20-Apr-2023 22:06:14): Cannot read properties of undefined (reading 'findClients')
[INFO] (20-Apr-2023 22:06:26): Conectado ao banco de dados
[INFO] (20-Apr-2023 22:06:26): Servidor rodando na porta: 3000
[INFO] (20-Apr-2023 22:06:39): Conectado ao banco de dados
[INFO] (20-Apr-2023 22:06:39): Servidor rodando na porta: 3000
